16.05.2019 11:34:01 [main] [INFO ] e.esbsender.EsbSenderApplication - Starting EsbSenderApplication on ubu-pc with PID 600 (/home/user/IdeaProjects/Cdek/esbsender/target/classes started by user in /home/user/IdeaProjects/Cdek/esbsender)
16.05.2019 11:34:01 [main] [INFO ] e.esbsender.EsbSenderApplication - No active profile set, falling back to default profiles: default
16.05.2019 11:34:02 [main] [INFO ] elegate$BeanPostProcessorChecker - Bean 'org.springframework.amqp.rabbit.annotation.RabbitBootstrapConfiguration' of type [org.springframework.amqp.rabbit.annotation.RabbitBootstrapConfiguration$$EnhancerBySpringCGLIB$$2b584285] is not eligible for getting processed by all BeanPostProcessors (for example: not eligible for auto-proxying)
16.05.2019 11:34:02 [main] [INFO ]       org.eclipse.jetty.util.log - Logging initialized @1647ms to org.eclipse.jetty.util.log.Slf4jLog
16.05.2019 11:34:02 [main] [INFO ] tty.JettyServletWebServerFactory - Server initialized with port: 8999
16.05.2019 11:34:02 [main] [INFO ]  org.eclipse.jetty.server.Server - jetty-9.4.14.v20181114; built: 2018-11-14T21:20:31.478Z; git: c4550056e785fb5665914545889f21dc136ad9e6; jvm 1.8.0_201-b09
16.05.2019 11:34:02 [main] [INFO ] ndler.ContextHandler.application - Initializing Spring embedded WebApplicationContext
16.05.2019 11:34:02 [main] [INFO ] mework.web.context.ContextLoader - Root WebApplicationContext: initialization completed in 760 ms
16.05.2019 11:34:02 [main] [INFO ] org.eclipse.jetty.server.session - DefaultSessionIdManager workerName=node0
16.05.2019 11:34:02 [main] [INFO ] org.eclipse.jetty.server.session - No SessionScavenger set, using defaults
16.05.2019 11:34:02 [main] [INFO ] org.eclipse.jetty.server.session - node0 Scavenging every 660000ms
16.05.2019 11:34:02 [main] [INFO ] ty.server.handler.ContextHandler - Started o.s.b.w.e.j.JettyEmbeddedWebAppContext@62d0ac62{application,/,[file:///tmp/jetty-docbase.8740795612002500257.8999/],AVAILABLE}
16.05.2019 11:34:02 [main] [INFO ]  org.eclipse.jetty.server.Server - Started @1755ms
16.05.2019 11:34:02 [main] [INFO ] oncurrent.ThreadPoolTaskExecutor - Initializing ExecutorService 'applicationTaskExecutor'
16.05.2019 11:34:03 [main] [INFO ] ndler.ContextHandler.application - Initializing Spring DispatcherServlet 'dispatcherServlet'
16.05.2019 11:34:03 [main] [INFO ] rk.web.servlet.DispatcherServlet - Initializing Servlet 'dispatcherServlet'
16.05.2019 11:34:03 [main] [INFO ] rk.web.servlet.DispatcherServlet - Completed initialization in 3 ms
16.05.2019 11:34:03 [main] [INFO ] e.jetty.server.AbstractConnector - Started ServerConnector@236134a1{HTTP/1.1,[http/1.1]}{0.0.0.0:8999}
16.05.2019 11:34:03 [main] [INFO ] eb.embedded.jetty.JettyWebServer - Jetty started on port(s) 8999 (http/1.1) with context path '/'
16.05.2019 11:34:03 [main] [INFO ] e.esbsender.EsbSenderApplication - Started EsbSenderApplication in 1.689 seconds (JVM running for 2.156)
16.05.2019 11:34:13 [pool-2-thread-1] [INFO ] nection.CachingConnectionFactory - Attempting to connect to: 172.16.100.48:5672
16.05.2019 11:34:13 [pool-2-thread-1] [INFO ] nection.CachingConnectionFactory - Created new connection: (inner bean)#1f1baa5d#1#3153faee:0/SimpleConnection@488b77c5 [delegate=amqp://expresscourier@172.16.100.48:5672/, localPort= 54234]
16.05.2019 11:36:15 [amqp-publish-1] [INFO ] nection.CachingConnectionFactory - Attempting to connect to: 172.16.100.48:5672
16.05.2019 11:36:15 [amqp-publish-1] [INFO ] nection.CachingConnectionFactory - Created new connection: (inner bean)#1f1baa5d#48f5037:0/SimpleConnection@a22f677 [delegate=amqp://expresscourier@172.16.100.48:5672/, localPort= 54258]
16.05.2019 11:38:26 [Thread-13] [INFO ] r.SimpleMessageListenerContainer - Waiting for workers to finish.
16.05.2019 11:38:26 [Thread-13] [INFO ] r.SimpleMessageListenerContainer - Successfully waited for workers to finish.
16.05.2019 11:38:26 [Thread-13] [INFO ] r.SimpleMessageListenerContainer - Shutdown ignored - container is not active already
16.05.2019 11:38:26 [Thread-13] [INFO ] oncurrent.ThreadPoolTaskExecutor - Shutting down ExecutorService 'applicationTaskExecutor'
16.05.2019 11:38:26 [Thread-13] [INFO ] e.jetty.server.AbstractConnector - Stopped ServerConnector@236134a1{HTTP/1.1,[http/1.1]}{0.0.0.0:8999}
16.05.2019 11:38:26 [Thread-13] [INFO ] org.eclipse.jetty.server.session - node0 Stopped scavenging
16.05.2019 11:38:26 [Thread-13] [INFO ] ndler.ContextHandler.application - Destroying Spring FrameworkServlet 'dispatcherServlet'
16.05.2019 11:38:26 [Thread-13] [INFO ] ty.server.handler.ContextHandler - Stopped o.s.b.w.e.j.JettyEmbeddedWebAppContext@62d0ac62{application,/,[file:///tmp/jetty-docbase.8740795612002500257.8999/],UNAVAILABLE}
16.05.2019 11:38:28 [main] [INFO ] e.esbsender.EsbSenderApplication - Starting EsbSenderApplication on ubu-pc with PID 1387 (/home/user/IdeaProjects/Cdek/esbsender/target/classes started by user in /home/user/IdeaProjects/Cdek/esbsender)
16.05.2019 11:38:28 [main] [INFO ] e.esbsender.EsbSenderApplication - No active profile set, falling back to default profiles: default
16.05.2019 11:38:29 [main] [INFO ] elegate$BeanPostProcessorChecker - Bean 'org.springframework.amqp.rabbit.annotation.RabbitBootstrapConfiguration' of type [org.springframework.amqp.rabbit.annotation.RabbitBootstrapConfiguration$$EnhancerBySpringCGLIB$$d3f6356f] is not eligible for getting processed by all BeanPostProcessors (for example: not eligible for auto-proxying)
16.05.2019 11:38:29 [main] [INFO ]       org.eclipse.jetty.util.log - Logging initialized @1641ms to org.eclipse.jetty.util.log.Slf4jLog
16.05.2019 11:38:29 [main] [INFO ] tty.JettyServletWebServerFactory - Server initialized with port: 8999
16.05.2019 11:38:29 [main] [INFO ]  org.eclipse.jetty.server.Server - jetty-9.4.14.v20181114; built: 2018-11-14T21:20:31.478Z; git: c4550056e785fb5665914545889f21dc136ad9e6; jvm 1.8.0_201-b09
16.05.2019 11:38:29 [main] [INFO ] ndler.ContextHandler.application - Initializing Spring embedded WebApplicationContext
16.05.2019 11:38:29 [main] [INFO ] mework.web.context.ContextLoader - Root WebApplicationContext: initialization completed in 714 ms
16.05.2019 11:38:29 [main] [INFO ] org.eclipse.jetty.server.session - DefaultSessionIdManager workerName=node0
16.05.2019 11:38:29 [main] [INFO ] org.eclipse.jetty.server.session - No SessionScavenger set, using defaults
16.05.2019 11:38:29 [main] [INFO ] org.eclipse.jetty.server.session - node0 Scavenging every 600000ms
16.05.2019 11:38:29 [main] [INFO ] ty.server.handler.ContextHandler - Started o.s.b.w.e.j.JettyEmbeddedWebAppContext@73386d72{application,/,[file:///tmp/jetty-docbase.1465491067961400815.8999/],AVAILABLE}
16.05.2019 11:38:29 [main] [INFO ]  org.eclipse.jetty.server.Server - Started @1751ms
16.05.2019 11:38:29 [main] [INFO ] oncurrent.ThreadPoolTaskExecutor - Initializing ExecutorService 'applicationTaskExecutor'
16.05.2019 11:38:29 [main] [INFO ] ndler.ContextHandler.application - Initializing Spring DispatcherServlet 'dispatcherServlet'
16.05.2019 11:38:29 [main] [INFO ] rk.web.servlet.DispatcherServlet - Initializing Servlet 'dispatcherServlet'
16.05.2019 11:38:29 [main] [INFO ] rk.web.servlet.DispatcherServlet - Completed initialization in 8 ms
16.05.2019 11:38:30 [main] [INFO ] e.jetty.server.AbstractConnector - Started ServerConnector@7c3ebc6b{HTTP/1.1,[http/1.1]}{0.0.0.0:8999}
16.05.2019 11:38:30 [main] [INFO ] eb.embedded.jetty.JettyWebServer - Jetty started on port(s) 8999 (http/1.1) with context path '/'
16.05.2019 11:38:30 [main] [INFO ] e.esbsender.EsbSenderApplication - Started EsbSenderApplication in 1.524 seconds (JVM running for 2.161)
16.05.2019 11:38:39 [pool-1-thread-1] [INFO ] nection.CachingConnectionFactory - Attempting to connect to: 172.16.100.48:5672
16.05.2019 11:38:39 [pool-1-thread-1] [INFO ] nection.CachingConnectionFactory - Created new connection: (inner bean)#746b4ae9#1#12b6018:0/SimpleConnection@22136a0d [delegate=amqp://expresscourier@172.16.100.48:5672/, localPort= 54352]
16.05.2019 11:38:40 [amqp-publish-3] [INFO ] nection.CachingConnectionFactory - Attempting to connect to: 172.16.100.48:5672
16.05.2019 11:38:40 [amqp-publish-3] [INFO ] nection.CachingConnectionFactory - Created new connection: (inner bean)#746b4ae9#2ea07336:0/SimpleConnection@64f9865c [delegate=amqp://expresscourier@172.16.100.48:5672/, localPort= 54356]
16.05.2019 13:04:51 [Thread-13] [INFO ] r.SimpleMessageListenerContainer - Waiting for workers to finish.
16.05.2019 13:04:52 [Thread-13] [INFO ] r.SimpleMessageListenerContainer - Successfully waited for workers to finish.
16.05.2019 13:04:52 [Thread-13] [INFO ] r.SimpleMessageListenerContainer - Shutdown ignored - container is not active already
16.05.2019 13:04:52 [Thread-13] [INFO ] oncurrent.ThreadPoolTaskExecutor - Shutting down ExecutorService 'applicationTaskExecutor'
16.05.2019 13:04:52 [Thread-13] [INFO ] e.jetty.server.AbstractConnector - Stopped ServerConnector@7c3ebc6b{HTTP/1.1,[http/1.1]}{0.0.0.0:8999}
16.05.2019 13:04:52 [Thread-13] [INFO ] org.eclipse.jetty.server.session - node0 Stopped scavenging
16.05.2019 13:04:52 [Thread-13] [INFO ] ndler.ContextHandler.application - Destroying Spring FrameworkServlet 'dispatcherServlet'
16.05.2019 13:04:52 [Thread-13] [INFO ] ty.server.handler.ContextHandler - Stopped o.s.b.w.e.j.JettyEmbeddedWebAppContext@73386d72{application,/,[file:///tmp/jetty-docbase.1465491067961400815.8999/],UNAVAILABLE}
16.05.2019 13:04:55 [main] [INFO ] e.esbsender.EsbSenderApplication - Starting EsbSenderApplication on ubu-pc with PID 9060 (/home/user/IdeaProjects/Cdek/esbsender/target/classes started by user in /home/user/IdeaProjects/Cdek/esbsender)
16.05.2019 13:04:55 [main] [INFO ] e.esbsender.EsbSenderApplication - No active profile set, falling back to default profiles: default
16.05.2019 13:04:56 [main] [INFO ] elegate$BeanPostProcessorChecker - Bean 'org.springframework.amqp.rabbit.annotation.RabbitBootstrapConfiguration' of type [org.springframework.amqp.rabbit.annotation.RabbitBootstrapConfiguration$$EnhancerBySpringCGLIB$$fda9fba9] is not eligible for getting processed by all BeanPostProcessors (for example: not eligible for auto-proxying)
16.05.2019 13:04:56 [main] [INFO ]       org.eclipse.jetty.util.log - Logging initialized @1303ms to org.eclipse.jetty.util.log.Slf4jLog
16.05.2019 13:04:56 [main] [INFO ] tty.JettyServletWebServerFactory - Server initialized with port: 8999
16.05.2019 13:04:56 [main] [INFO ]  org.eclipse.jetty.server.Server - jetty-9.4.14.v20181114; built: 2018-11-14T21:20:31.478Z; git: c4550056e785fb5665914545889f21dc136ad9e6; jvm 1.8.0_201-b09
16.05.2019 13:04:56 [main] [INFO ] ndler.ContextHandler.application - Initializing Spring embedded WebApplicationContext
16.05.2019 13:04:56 [main] [INFO ] mework.web.context.ContextLoader - Root WebApplicationContext: initialization completed in 706 ms
16.05.2019 13:04:56 [main] [INFO ] org.eclipse.jetty.server.session - DefaultSessionIdManager workerName=node0
16.05.2019 13:04:56 [main] [INFO ] org.eclipse.jetty.server.session - No SessionScavenger set, using defaults
16.05.2019 13:04:56 [main] [INFO ] org.eclipse.jetty.server.session - node0 Scavenging every 600000ms
16.05.2019 13:04:56 [main] [INFO ] ty.server.handler.ContextHandler - Started o.s.b.w.e.j.JettyEmbeddedWebAppContext@742d4e15{application,/,[file:///tmp/jetty-docbase.4831889529835645337.8999/],AVAILABLE}
16.05.2019 13:04:56 [main] [INFO ]  org.eclipse.jetty.server.Server - Started @1424ms
16.05.2019 13:04:56 [main] [INFO ] oncurrent.ThreadPoolTaskExecutor - Initializing ExecutorService 'applicationTaskExecutor'
16.05.2019 13:04:57 [main] [INFO ] ndler.ContextHandler.application - Initializing Spring DispatcherServlet 'dispatcherServlet'
16.05.2019 13:04:57 [main] [INFO ] rk.web.servlet.DispatcherServlet - Initializing Servlet 'dispatcherServlet'
16.05.2019 13:04:57 [main] [INFO ] rk.web.servlet.DispatcherServlet - Completed initialization in 4 ms
16.05.2019 13:04:57 [main] [INFO ] e.jetty.server.AbstractConnector - Started ServerConnector@8ed9cf{HTTP/1.1,[http/1.1]}{0.0.0.0:8999}
16.05.2019 13:04:57 [main] [INFO ] eb.embedded.jetty.JettyWebServer - Jetty started on port(s) 8999 (http/1.1) with context path '/'
16.05.2019 13:04:57 [main] [INFO ] e.esbsender.EsbSenderApplication - Started EsbSenderApplication in 1.399 seconds (JVM running for 1.783)
16.05.2019 13:05:07 [pool-1-thread-1] [INFO ] nection.CachingConnectionFactory - Attempting to connect to: 172.16.100.48:5672
16.05.2019 13:05:07 [pool-1-thread-1] [INFO ] nection.CachingConnectionFactory - Created new connection: (inner bean)#2c915fb3#1#60851435:0/SimpleConnection@733cb124 [delegate=amqp://expresscourier@172.16.100.48:5672/, localPort= 56596]
16.05.2019 13:05:23 [amqp-publish-1] [INFO ] nection.CachingConnectionFactory - Attempting to connect to: 172.16.100.48:5672
16.05.2019 13:05:23 [amqp-publish-1] [INFO ] nection.CachingConnectionFactory - Created new connection: (inner bean)#2c915fb3#4fe1b964:0/SimpleConnection@57567e75 [delegate=amqp://expresscourier@172.16.100.48:5672/, localPort= 56604]
